Determining if the pthread_create exist failed with the following output:
Change Dir: /home/osamarobotics-lab/Documents/Last_updated_FE_Guile/build/CMakeFiles/CMakeTmp

Run Build Command:"/usr/bin/make" "cmTC_1462e/fast"
/usr/bin/make -f CMakeFiles/cmTC_1462e.dir/build.make CMakeFiles/cmTC_1462e.dir/build
make[1]: Entering directory '/home/osamarobotics-lab/Documents/Last_updated_FE_Guile/build/CMakeFiles/CMakeTmp'
Building C object CMakeFiles/cmTC_1462e.dir/CheckSymbolExists.c.o
/usr/bin/cc     -o CMakeFiles/cmTC_1462e.dir/CheckSymbolExists.c.o   -c /home/osamarobotics-lab/Documents/Last_updated_FE_Guile/build/CMakeFiles/CMakeTmp/CheckSymbolExists.c
Linking C executable cmTC_1462e
/usr/bin/cmake -E cmake_link_script CMakeFiles/cmTC_1462e.dir/link.txt --verbose=1
/usr/bin/cc       CMakeFiles/cmTC_1462e.dir/CheckSymbolExists.c.o  -o cmTC_1462e -rdynamic 
CMakeFiles/cmTC_1462e.dir/CheckSymbolExists.c.o: In function `main':
CheckSymbolExists.c:(.text+0x16): undefined reference to `pthread_create'
collect2: error: ld returned 1 exit status
CMakeFiles/cmTC_1462e.dir/build.make:97: recipe for target 'cmTC_1462e' failed
make[1]: *** [cmTC_1462e] Error 1
make[1]: Leaving directory '/home/osamarobotics-lab/Documents/Last_updated_FE_Guile/build/CMakeFiles/CMakeTmp'
Makefile:126: recipe for target 'cmTC_1462e/fast' failed
make: *** [cmTC_1462e/fast] Error 2

File /home/osamarobotics-lab/Documents/Last_updated_FE_Guile/build/CMakeFiles/CMakeTmp/CheckSymbolExists.c:
/* */
#include <pthread.h>

int main(int argc, char** argv)
{
  (void)argv;
#ifndef pthread_create
  return ((int*)(&pthread_create))[argc];
#else
  (void)argc;
  return 0;
#endif
}

Determining if the function pthread_create exists in the pthreads failed with the following output:
Change Dir: /home/osamarobotics-lab/Documents/Last_updated_FE_Guile/build/CMakeFiles/CMakeTmp

Run Build Command:"/usr/bin/make" "cmTC_4aae8/fast"
/usr/bin/make -f CMakeFiles/cmTC_4aae8.dir/build.make CMakeFiles/cmTC_4aae8.dir/build
make[1]: Entering directory '/home/osamarobotics-lab/Documents/Last_updated_FE_Guile/build/CMakeFiles/CMakeTmp'
Building C object CMakeFiles/cmTC_4aae8.dir/CheckFunctionExists.c.o
/usr/bin/cc    -DCHECK_FUNCTION_EXISTS=pthread_create   -o CMakeFiles/cmTC_4aae8.dir/CheckFunctionExists.c.o   -c /usr/share/cmake-3.5/Modules/CheckFunctionExists.c
Linking C executable cmTC_4aae8
/usr/bin/cmake -E cmake_link_script CMakeFiles/cmTC_4aae8.dir/link.txt --verbose=1
/usr/bin/cc   -DCHECK_FUNCTION_EXISTS=pthread_create    CMakeFiles/cmTC_4aae8.dir/CheckFunctionExists.c.o  -o cmTC_4aae8 -rdynamic -lpthreads 
/usr/bin/ld: cannot find -lpthreads
collect2: error: ld returned 1 exit status
CMakeFiles/cmTC_4aae8.dir/build.make:97: recipe for target 'cmTC_4aae8' failed
make[1]: *** [cmTC_4aae8] Error 1
make[1]: Leaving directory '/home/osamarobotics-lab/Documents/Last_updated_FE_Guile/build/CMakeFiles/CMakeTmp'
Makefile:126: recipe for target 'cmTC_4aae8/fast' failed
make: *** [cmTC_4aae8/fast] Error 2


